WebDKP_DkpTable = {
	["Alexistina"] = {
		["dkp1"] = 0,
		["dkp_1"] = 51.56,
		["Selected"] = false,
		["class"] = "战士",
	},
	["Aviere"] = {
		["dkp1"] = 0,
		["dkp_1"] = 10.91,
		["Selected"] = false,
		["class"] = "圣骑士",
	},
	["Usotall"] = {
		["dkp1"] = 0,
		["dkp_1"] = 33.94,
		["Selected"] = false,
		["class"] = "萨满祭司",
	},
	["一染尽红尘"] = {
		["dkp1"] = 0,
		["dkp_1"] = 3.33,
		["Selected"] = false,
		["class"] = "战士",
	},
	["三元奶"] = {
		["dkp1"] = 0,
		["dkp_1"] = 34.63,
		["Selected"] = false,
		["class"] = "牧师",
	},
	["丨吉丨安娜"] = {
		["dkp1"] = 0,
		["dkp_1"] = 4.30,
		["Selected"] = false,
		["class"] = "法师",
	},
	["冰猫"] = {
		["dkp1"] = 0,
		["dkp_1"] = 29.13,
		["Selected"] = false,
		["class"] = "战士",
	},
	["可爱的狸狸"] = {
		["dkp1"] = 0,
		["dkp_1"] = 29.34,
		["Selected"] = false,
		["class"] = "德鲁伊",
	},
	["叶落丶翼德"] = {
		["dkp1"] = 0,
		["dkp_1"] = 26.70,
		["Selected"] = false,
		["class"] = "德鲁伊",
	},
	["嘎哈"] = {
		["dkp1"] = 0,
		["dkp_1"] = 25.87,
		["Selected"] = false,
		["class"] = "萨满祭司",
	},
	["圣经丶冰"] = {
		["dkp1"] = 0,
		["dkp_1"] = 0.71,
		["Selected"] = false,
		["class"] = "圣骑士",
	},
	["坏小猪哥哥"] = {
		["dkp1"] = 0,
		["dkp_1"] = 43.44,
		["Selected"] = false,
		["class"] = "战士",
	},
	["大人是爱我的"] = {
		["dkp1"] = 0,
		["dkp_1"] = 21.17,
		["Selected"] = false,
		["class"] = "战士",
	},
	["大辣条"] = {
		["dkp1"] = 0,
		["dkp_1"] = 19.50,
		["Selected"] = false,
		["class"] = "德鲁伊",
	},
	["天蓝色的学"] = {
		["dkp1"] = 0,
		["dkp_1"] = 20.70,
		["Selected"] = false,
		["class"] = "战士",
	},
	["如月舞"] = {
		["dkp1"] = 0,
		["dkp_1"] = 35.07,
		["Selected"] = false,
		["class"] = "圣骑士",
	},
	["安娜希尔"] = {
		["dkp1"] = 0,
		["dkp_1"] = 28.03,
		["Selected"] = false,
		["class"] = "圣骑士",
	},
	["封心贼"] = {
		["dkp1"] = 0,
		["dkp_1"] = 12.75,
		["Selected"] = false,
		["class"] = "盗贼",
	},
	["小包子"] = {
		["dkp1"] = 0,
		["dkp_1"] = 30.05,
		["Selected"] = false,
		["class"] = "术士",
	},
	["小黑手佳乐"] = {
		["dkp1"] = 0,
		["dkp_1"] = 26.65,
		["Selected"] = false,
		["class"] = "战士",
	},
	["巨蟹座祭司"] = {
		["dkp1"] = 0,
		["dkp_1"] = 35.75,
		["Selected"] = false,
		["class"] = "萨满祭司",
	},
	["我大戈六六"] = {
		["dkp1"] = 0,
		["dkp_1"] = 40.99,
		["Selected"] = false,
		["class"] = "战士",
	},
	["有肉肉"] = {
		["dkp1"] = 0,
		["dkp_1"] = 26.39,
		["Selected"] = false,
		["class"] = "猎人",
	},
	["柠檬酸了心"] = {
		["dkp1"] = 0,
		["dkp_1"] = 33.04,
		["Selected"] = false,
		["class"] = "法师",
	},
	["此情念念不忘"] = {
		["dkp1"] = 0,
		["dkp_1"] = 12.21,
		["Selected"] = false,
		["class"] = "术士",
	},
	["江流自然之力"] = {
		["dkp1"] = 0,
		["dkp_1"] = 8.50,
		["Selected"] = false,
		["class"] = "德鲁伊",
	},
	["泰兰德羽月"] = {
		["dkp1"] = 0,
		["dkp_1"] = 42.21,
		["Selected"] = false,
		["class"] = "猎人",
	},
	["淬锋"] = {
		["dkp1"] = 0,
		["dkp_1"] = 31.49,
		["Selected"] = false,
		["class"] = "战士",
	},
	["甜心奶兔酱"] = {
		["dkp1"] = 0,
		["dkp_1"] = 27.30,
		["Selected"] = false,
		["class"] = "萨满祭司",
	},
	["皮皮丶"] = {
		["dkp1"] = 0,
		["dkp_1"] = 31.38,
		["Selected"] = false,
		["class"] = "法师",
	},
	["石菖蒲"] = {
		["dkp1"] = 0,
		["dkp_1"] = 1.86,
		["Selected"] = false,
		["class"] = "术士",
	},
	["祖德希德阿猫"] = {
		["dkp1"] = 0,
		["dkp_1"] = 22.03,
		["Selected"] = false,
		["class"] = "法师",
	},
	["神神气气"] = {
		["dkp1"] = 0,
		["dkp_1"] = 18.79,
		["Selected"] = false,
		["class"] = "盗贼",
	},
	["福尔摩斯丶"] = {
		["dkp1"] = 0,
		["dkp_1"] = 37.17,
		["Selected"] = false,
		["class"] = "术士",
	},
	["程灵素"] = {
		["dkp1"] = 0,
		["dkp_1"] = 24.46,
		["Selected"] = false,
		["class"] = "牧师",
	},
	["约翰德蒙斯"] = {
		["dkp1"] = 0,
		["dkp_1"] = 8.93,
		["Selected"] = false,
		["class"] = "圣骑士",
	},
	["缺大德儿"] = {
		["dkp1"] = 0,
		["dkp_1"] = 23.72,
		["Selected"] = false,
		["class"] = "德鲁伊",
	},
	["老牛爹爹"] = {
		["dkp1"] = 0,
		["dkp_1"] = 25.84,
		["Selected"] = false,
		["class"] = "萨满祭司",
	},
	["莉莉丝丨"] = {
		["dkp1"] = 0,
		["dkp_1"] = 20.12,
		["Selected"] = false,
		["class"] = "德鲁伊",
	},
	["葫芦仙"] = {
		["dkp1"] = 0,
		["dkp_1"] = 63.81,
		["Selected"] = false,
		["class"] = "牧师",
	},
	["血影寂灭"] = {
		["dkp1"] = 0,
		["dkp_1"] = 15.21,
		["Selected"] = false,
		["class"] = "盗贼",
	},
	["襄儿"] = {
		["dkp1"] = 0,
		["dkp_1"] = 33.47,
		["Selected"] = false,
		["class"] = "萨满祭司",
	},
	["认养一头母牛"] = {
		["dkp1"] = 0,
		["dkp_1"] = 13.31,
		["Selected"] = false,
		["class"] = "萨满祭司",
	},
	["贼酷之名"] = {
		["dkp1"] = 0,
		["dkp_1"] = 13.60,
		["Selected"] = false,
		["class"] = "盗贼",
	},
	["还得我来"] = {
		["dkp1"] = 0,
		["dkp_1"] = 9.75,
		["Selected"] = false,
		["class"] = "法师",
	},
	["郁眠"] = {
		["dkp1"] = 0,
		["dkp_1"] = 4.34,
		["Selected"] = false,
		["class"] = "圣骑士",
	},
	["锦果果"] = {
		["dkp1"] = 0,
		["dkp_1"] = 32.70,
		["Selected"] = false,
		["class"] = "战士",
	},
	["阿牛"] = {
		["dkp1"] = 0,
		["dkp_1"] = 37.68,
		["Selected"] = false,
		["class"] = "战士",
	},
	["阿迩忒弥絲丝"] = {
		["dkp1"] = 0,
		["dkp_1"] = 41.42,
		["Selected"] = false,
		["class"] = "猎人",
	},
	["雨爷"] = {
		["dkp1"] = 0,
		["dkp_1"] = 66.01,
		["Selected"] = false,
		["class"] = "猎人",
	},
	["霜华"] = {
		["dkp1"] = 0,
		["dkp_1"] = 11.56,
		["Selected"] = false,
		["class"] = "牧师",
	}
}